Build started 17/10/2015 2:57:47 p.m..
     1>Project "D:\Dropbox\Development\ChaosCore\ChaosCore\ChaosCore.vcxproj" on node 2 (Build target(s)).
     1>ClCompile:
         D:\Programs\Microsoft Visual Studio 12.0\VC\bin\CL.exe /c /ID:\Libraries\boost_1_58_0 /ID:\Dropbox\Development\ChaosCore\ChaosCore\src\cxx /Zi /nologo /W3 /WX- /sdl /O2 /Oi /Oy- /GL /D _MBCS /Gm- /EHsc /MD /GS /Gy /fp:precise /Zc:wchar_t /Zc:forScope /Fo"Release\\" /Fd"Release\vc120.pdb" /Gd /TP /analyze- /errorReport:prompt src\cxx\chaoscore\test\ChaosTest.cpp tests\cxx\base\PreProc_TestSuite.cpp tests\cxx\base\str\UTF8String_TestSuite.cpp
         ChaosTest.cpp
         PreProc_TestSuite.cpp
         UTF8String_TestSuite.cpp
       Link:
         D:\Programs\Microsoft Visual Studio 12.0\VC\bin\link.exe /ERRORREPORT:PROMPT /OUT:"D:\Dropbox\Development\ChaosCore\ChaosCore\build\win_x86\ChaosCore.exe" /NOLOGO /LIBPATH:D:\Libraries\boost_1_58_0\stage\lib kernel32.lib user32.lib gdi32.lib winspool.lib comdlg32.lib advapi32.lib shell32.lib ole32.lib oleaut32.lib uuid.lib odbc32.lib odbccp32.lib /MANIFEST /MANIFESTUAC:"level='asInvoker' uiAccess='false'" /manifest:embed /DEBUG /PDB:"D:\Dropbox\Development\ChaosCore\ChaosCore\build\win_x86\ChaosCore.pdb" /OPT:REF /OPT:ICF /LTCG /TLBID:1 /DYNAMICBASE /NXCOMPAT /IMPLIB:"D:\Dropbox\Development\ChaosCore\ChaosCore\build\win_x86\ChaosCore.lib" /MACHINE:X86 /SAFESEH Release\FileUtil.obj
         Release\UTF8String.obj
         Release\TimeUtil.obj
         Release\ChaosTest.obj
         Release\HTMLTestLogFormatter.obj
         Release\PlainTestLogFormatter.obj
         Release\PrettyTestLogFormatter.obj
         Release\XMLTestLogFormatter.obj
         Release\TestLogger.obj
         Release\PreProc_TestSuite.obj
         Release\UTF8String_TestSuite.obj
         Generating code
         Finished generating code
         ChaosCore.vcxproj -> D:\Dropbox\Development\ChaosCore\ChaosCore\build\win_x86\ChaosCore.exe
     1>Done Building Project "D:\Dropbox\Development\ChaosCore\ChaosCore\ChaosCore.vcxproj" (Build target(s)).

Build succeeded.

Time Elapsed 00:00:02.82
